<?xml version="1.0" encoding="UTF-8"?>
<!-- Generated by org.testng.reporters.JUnitReportReporter -->
<testsuite skipped="0" hostname="Anandus-MacBook-Air.local" name="BBC_Assignment.BBC_News.Comments" tests="1" failures="0" timestamp="2022-10-31T01:54:38 GMT" time="30.058" errors="0">
  <testcase name="Verifycomments" time="30.058" classname="BBC_Assignment.BBC_News.Comments"/>
  <system-out/>
</testsuite> <!-- BBC_Assignment.BBC_News.Comments -->
