<?xml version="1.0" encoding="UTF-8"?>
<!-- Generated by org.testng.reporters.JUnitReportReporter -->
<testsuite hostname="Anandus-MacBook-Air.local" failures="0" tests="2" name="cucumberOptions.testRunner" time="90.380" errors="0" timestamp="2022-11-01T03:24:07 GMT" skipped="0">
  <testcase classname="cucumberOptions.testRunner" name="runScenario" time="58.998"/>
  <system-out/>
  <testcase classname="cucumberOptions.testRunner" name="runScenario" time="31.382"/>
  <system-out/>
</testsuite> <!-- cucumberOptions.testRunner -->
