<?xml version="1.0" encoding="UTF-8"?>
<!-- Generated by org.testng.reporters.JUnitReportReporter -->
<testsuite hostname="Anandus-MacBook-Air.local" failures="0" tests="2" name="cucumberOptions.TestNGTestRunner" time="98.230" errors="0" timestamp="2022-11-03T13:09:12 GMT" skipped="0">
  <testcase classname="cucumberOptions.TestNGTestRunner" name="runScenario" time="61.011"/>
  <system-out/>
  <testcase classname="cucumberOptions.TestNGTestRunner" name="runScenario" time="37.219"/>
  <system-out/>
</testsuite> <!-- cucumberOptions.TestNGTestRunner -->
