<?xml version="1.0" encoding="UTF-8"?>
<!-- Generated by org.testng.reporters.JUnitReportReporter -->
<testsuite hostname="Anandus-MacBook-Air.local" failures="0" tests="1" name="BBC_Assignment.BBC_News.Comments" time="35.889" errors="0" timestamp="2022-10-31T20:58:15 GMT" skipped="0">
  <testcase classname="BBC_Assignment.BBC_News.Comments" name="Verifycomments" time="35.889"/>
  <system-out/>
</testsuite> <!-- BBC_Assignment.BBC_News.Comments -->
