<?xml version="1.0" encoding="UTF-8"?>
<!-- Generated by org.testng.reporters.JUnitReportReporter -->
<testsuite hostname="Anandus-MacBook-Air.local" failures="0" tests="2" name="cucumberOptions.testRunner" time="121.624" errors="0" timestamp="2022-11-10T11:35:01 GMT" skipped="0">
  <testcase classname="cucumberOptions.testRunner" name="runScenario" time="51.841"/>
  <system-out/>
  <testcase classname="cucumberOptions.testRunner" name="runScenario" time="69.783"/>
  <system-out/>
</testsuite> <!-- cucumberOptions.testRunner -->
